<?xml version="1.0" encoding="utf-8" standalone="no"?>
<!--This file represents the results of running a test suite-->
<test-results name="D:\projects\lucene.net\SparseFacetedSearch\SparseFacetedSearch.Test\bin\Debug\Lucene.Net.Search.SimpleFacetedSearch.Test.dll" total="1" errors="0" failures="1" not-run="0" inconclusive="0" ignored="0" skipped="0" invalid="0" date="2012-11-22" time="09:43:17">
  <environment nunit-version="2.5.10.11092" clr-version="2.0.50727.6387" os-version="Microsoft Windows NT 6.2.9200.0" platform="Win32NT" cwd="D:\tools\NUnit\bin\net-2.0" machine-name="APOOK" user="apook" user-domain="ARTESIAN" />
  <culture-info current-culture="en-GB" current-uiculture="en-GB" />
  <test-suite type="Assembly" name="D:\projects\lucene.net\SparseFacetedSearch\SparseFacetedSearch.Test\bin\Debug\Lucene.Net.Search.SimpleFacetedSearch.Test.dll" executed="True" result="Failure" success="False" time="0.004" asserts="0">
    <results>
      <test-suite type="Namespace" name="Lucene" executed="True" result="Failure" success="False" time="0.004" asserts="0">
        <results>
          <test-suite type="Namespace" name="Net" executed="True" result="Failure" success="False" time="0.003" asserts="0">
            <results>
              <test-suite type="Namespace" name="Search" executed="True" result="Failure" success="False" time="0.003" asserts="0">
                <results>
                  <test-suite type="TestFixture" name="TestSimpleFacetedSearch" executed="True" result="Failure" success="False" time="0.003" asserts="0">
                    <results>
                      <test-case name="Lucene.Net.Search.TestSimpleFacetedSearch.Test4" executed="True" result="Failure" success="False" time="0.001" asserts="1">
                        <failure>
                          <message><![CDATA[  Expected: 4
  But was:  6
]]></message>
                          <stack-trace><![CDATA[at Lucene.Net.Search.TestSimpleFacetedSearch.Test4() in D:\projects\lucene.net\SparseFacetedSearch\SparseFacetedSearch.Test\TestSparseFacetedSearch.cs:line 193
]]></stack-trace>
                        </failure>
                      </test-case>
                    </results>
                  </test-suite>
                </results>
              </test-suite>
            </results>
          </test-suite>
        </results>
      </test-suite>
    </results>
  </test-suite>
</test-results>