<?xml version="1.0" encoding="utf-8" standalone="no"?>
<!--This file represents the results of running a test suite-->
<test-results name="D:\projects\lucene.net\SparseFacetedSearch\FacetedSearch.nunit" total="16" errors="0" failures="0" not-run="0" inconclusive="0" ignored="0" skipped="0" invalid="0" date="2012-11-22" time="10:07:23">
  <environment nunit-version="2.5.10.11092" clr-version="2.0.50727.6387" os-version="Microsoft Windows NT 6.2.9200.0" platform="Win32NT" cwd="D:\tools\NUnit\bin\net-2.0" machine-name="APOOK" user="apook" user-domain="ARTESIAN" />
  <culture-info current-culture="en-GB" current-uiculture="en-GB" />
  <test-suite type="Project" name="D:\projects\lucene.net\SparseFacetedSearch\FacetedSearch.nunit" executed="True" result="Success" success="True" time="1.263" asserts="0">
    <results>
      <test-suite type="Assembly" name="D:\projects\lucene.net\SparseFacetedSearch\SparseFacetedSearch.Test\bin\Debug\Lucene.Net.Search.SparseFacetedSearch.Test.dll" executed="True" result="Success" success="True" time="0.590" asserts="0">
        <results>
          <test-suite type="Namespace" name="Lucene" executed="True" result="Success" success="True" time="0.590" asserts="0">
            <results>
              <test-suite type="Namespace" name="Net" executed="True" result="Success" success="True" time="0.590" asserts="0">
                <results>
                  <test-suite type="Namespace" name="Search" executed="True" result="Success" success="True" time="0.590" asserts="0">
                    <results>
                      <test-suite type="TestFixture" name="TestSparseFacetedSearch" executed="True" result="Success" success="True" time="0.590" asserts="0">
                        <results>
                          <test-case name="Lucene.Net.Search.TestSparseFacetedSearch.Test1" executed="True" result="Success" success="True" time="0.001" asserts="0" />
                          <test-case name="Lucene.Net.Search.TestSparseFacetedSearch.Test2" executed="True" result="Success" success="True" time="0.001" asserts="10" />
                          <test-case name="Lucene.Net.Search.TestSparseFacetedSearch.Test3" executed="True" result="Success" success="True" time="0.000" asserts="13" />
                          <test-case name="Lucene.Net.Search.TestSparseFacetedSearch.Test4" executed="True" result="Success" success="True" time="0.000" asserts="4" />
                          <test-case name="Lucene.Net.Search.TestSparseFacetedSearch.Test5" executed="True" result="Success" success="True" time="0.000" asserts="1" />
                          <test-case name="Lucene.Net.Search.TestSparseFacetedSearch.Test6" executed="True" result="Success" success="True" time="0.000" asserts="2" />
                          <test-case name="Lucene.Net.Search.TestSparseFacetedSearch.Test7" executed="True" result="Success" success="True" time="0.000" asserts="1" />
                          <test-case name="Lucene.Net.Search.TestSparseFacetedSearch.TestMultiThreadedAccess" executed="True" result="Success" success="True" time="0.572" asserts="1" />
                        </results>
                      </test-suite>
                    </results>
                  </test-suite>
                </results>
              </test-suite>
            </results>
          </test-suite>
        </results>
      </test-suite>
      <test-suite type="Assembly" name="D:\projects\lucene.net\SparseFacetedSearch\..\2_9_4g\build\bin\contrib\SimpleFacetedSearch\Debug\Lucene.Net.Search.SimpleFacetedSearch.Test.dll" executed="True" result="Success" success="True" time="0.664" asserts="0">
        <results>
          <test-suite type="Namespace" name="Lucene" executed="True" result="Success" success="True" time="0.664" asserts="0">
            <results>
              <test-suite type="Namespace" name="Net" executed="True" result="Success" success="True" time="0.664" asserts="0">
                <results>
                  <test-suite type="Namespace" name="Search" executed="True" result="Success" success="True" time="0.664" asserts="0">
                    <results>
                      <test-suite type="TestFixture" name="TestSimpleFacetedSearch" executed="True" result="Success" success="True" time="0.664" asserts="0">
                        <results>
                          <test-case name="Lucene.Net.Search.TestSimpleFacetedSearch.Test1" executed="True" result="Success" success="True" time="0.027" asserts="0" />
                          <test-case name="Lucene.Net.Search.TestSimpleFacetedSearch.Test2" executed="True" result="Success" success="True" time="0.003" asserts="10" />
                          <test-case name="Lucene.Net.Search.TestSimpleFacetedSearch.Test3" executed="True" result="Success" success="True" time="0.004" asserts="13" />
                          <test-case name="Lucene.Net.Search.TestSimpleFacetedSearch.Test4" executed="True" result="Success" success="True" time="0.001" asserts="4" />
                          <test-case name="Lucene.Net.Search.TestSimpleFacetedSearch.Test5" executed="True" result="Success" success="True" time="0.000" asserts="1" />
                          <test-case name="Lucene.Net.Search.TestSimpleFacetedSearch.Test6" executed="True" result="Success" success="True" time="0.001" asserts="2" />
                          <test-case name="Lucene.Net.Search.TestSimpleFacetedSearch.Test7" executed="True" result="Success" success="True" time="0.003" asserts="1" />
                          <test-case name="Lucene.Net.Search.TestSimpleFacetedSearch.TestMultiThreadedAccess" executed="True" result="Success" success="True" time="0.608" asserts="1" />
                        </results>
                      </test-suite>
                    </results>
                  </test-suite>
                </results>
              </test-suite>
            </results>
          </test-suite>
        </results>
      </test-suite>
    </results>
  </test-suite>
</test-results>